[2021-05-26 11:23:46,588] {taskinstance.py:877} INFO - Dependencies all met for <TaskInstance: Jordan_COVID19_dag.Push_Data_to_Postgres 2021-05-26T11:20:52.549586+00:00 [queued]>
[2021-05-26 11:23:46,613] {taskinstance.py:877} INFO - Dependencies all met for <TaskInstance: Jordan_COVID19_dag.Push_Data_to_Postgres 2021-05-26T11:20:52.549586+00:00 [queued]>
[2021-05-26 11:23:46,613] {taskinstance.py:1068} INFO - 
--------------------------------------------------------------------------------
[2021-05-26 11:23:46,614] {taskinstance.py:1069} INFO - Starting attempt 1 of 2
[2021-05-26 11:23:46,615] {taskinstance.py:1070} INFO - 
--------------------------------------------------------------------------------
[2021-05-26 11:23:46,627] {taskinstance.py:1089} INFO - Executing <Task(PythonOperator): Push_Data_to_Postgres> on 2021-05-26T11:20:52.549586+00:00
[2021-05-26 11:23:46,633] {standard_task_runner.py:52} INFO - Started process 104 to run task
[2021-05-26 11:23:46,636] {standard_task_runner.py:76} INFO - Running: ['airflow', 'tasks', 'run', 'Jordan_COVID19_dag', 'Push_Data_to_Postgres', '2021-05-26T11:20:52.549586+00:00', '--job-id', '20', '--pool', 'default_pool', '--raw', '--subdir', 'DAGS_FOLDER/covid_dag.py', '--cfg-path', '/tmp/tmpkxv291sb', '--error-file', '/tmp/tmp8y2nwosy']
[2021-05-26 11:23:46,637] {standard_task_runner.py:77} INFO - Job 20: Subtask Push_Data_to_Postgres
[2021-05-26 11:23:46,692] {logging_mixin.py:104} INFO - Running <TaskInstance: Jordan_COVID19_dag.Push_Data_to_Postgres 2021-05-26T11:20:52.549586+00:00 [running]> on host 8c48473332f2
[2021-05-26 11:23:46,734] {taskinstance.py:1283} INFO - Exporting the following env vars:
AIRFLOW_CTX_DAG_OWNER=admin
AIRFLOW_CTX_DAG_ID=Jordan_COVID19_dag
AIRFLOW_CTX_TASK_ID=Push_Data_to_Postgres
AIRFLOW_CTX_EXECUTION_DATE=2021-05-26T11:20:52.549586+00:00
AIRFLOW_CTX_DAG_RUN_ID=manual__2021-05-26T11:20:52.549586+00:00
[2021-05-26 11:23:47,240] {python.py:118} INFO - Done. Returned value was: None
[2021-05-26 11:23:47,251] {taskinstance.py:1192} INFO - Marking task as SUCCESS. dag_id=Jordan_COVID19_dag, task_id=Push_Data_to_Postgres, execution_date=20210526T112052, start_date=20210526T112346, end_date=20210526T112347
[2021-05-26 11:23:47,278] {taskinstance.py:1246} INFO - 0 downstream tasks scheduled from follow-on schedule check
[2021-05-26 11:23:47,298] {local_task_job.py:146} INFO - Task exited with return code 0
