[2021-05-26 11:15:47,012] {taskinstance.py:877} INFO - Dependencies all met for <TaskInstance: Jordan_COVID19_dag.Plot_Jordan_Data 2021-05-25T11:11:44.813505+00:00 [queued]>
[2021-05-26 11:15:47,036] {taskinstance.py:877} INFO - Dependencies all met for <TaskInstance: Jordan_COVID19_dag.Plot_Jordan_Data 2021-05-25T11:11:44.813505+00:00 [queued]>
[2021-05-26 11:15:47,037] {taskinstance.py:1068} INFO - 
--------------------------------------------------------------------------------
[2021-05-26 11:15:47,037] {taskinstance.py:1069} INFO - Starting attempt 1 of 2
[2021-05-26 11:15:47,038] {taskinstance.py:1070} INFO - 
--------------------------------------------------------------------------------
[2021-05-26 11:15:47,054] {taskinstance.py:1089} INFO - Executing <Task(PythonOperator): Plot_Jordan_Data> on 2021-05-25T11:11:44.813505+00:00
[2021-05-26 11:15:47,058] {standard_task_runner.py:52} INFO - Started process 75 to run task
[2021-05-26 11:15:47,065] {standard_task_runner.py:76} INFO - Running: ['airflow', 'tasks', 'run', 'Jordan_COVID19_dag', 'Plot_Jordan_Data', '2021-05-25T11:11:44.813505+00:00', '--job-id', '14', '--pool', 'default_pool', '--raw', '--subdir', 'DAGS_FOLDER/covid_dag.py', '--cfg-path', '/tmp/tmpjvah7ih4', '--error-file', '/tmp/tmpxrdlb9lq']
[2021-05-26 11:15:47,066] {standard_task_runner.py:77} INFO - Job 14: Subtask Plot_Jordan_Data
[2021-05-26 11:15:47,135] {logging_mixin.py:104} INFO - Running <TaskInstance: Jordan_COVID19_dag.Plot_Jordan_Data 2021-05-25T11:11:44.813505+00:00 [running]> on host 8c48473332f2
[2021-05-26 11:15:47,202] {taskinstance.py:1283} INFO - Exporting the following env vars:
AIRFLOW_CTX_DAG_OWNER=admin
AIRFLOW_CTX_DAG_ID=Jordan_COVID19_dag
AIRFLOW_CTX_TASK_ID=Plot_Jordan_Data
AIRFLOW_CTX_EXECUTION_DATE=2021-05-25T11:11:44.813505+00:00
AIRFLOW_CTX_DAG_RUN_ID=scheduled__2021-05-25T11:11:44.813505+00:00
[2021-05-26 11:15:47,652] {__init__.py:482} WARNING - Matplotlib created a temporary config/cache directory at /tmp/matplotlib-_reu3jcb because the default path (/home/airflow/.config/matplotlib) is not a writable directory; it is highly recommended to set the MPLCONFIGDIR environment variable to a writable directory, in particular to speed up the import of Matplotlib and to better support multiprocessing.
[2021-05-26 11:15:47,855] {font_manager.py:1423} INFO - Generating new fontManager, this may take some time...
[2021-05-26 11:15:49,686] {python.py:118} INFO - Done. Returned value was: None
[2021-05-26 11:15:49,701] {taskinstance.py:1192} INFO - Marking task as SUCCESS. dag_id=Jordan_COVID19_dag, task_id=Plot_Jordan_Data, execution_date=20210525T111144, start_date=20210526T111547, end_date=20210526T111549
[2021-05-26 11:15:49,754] {taskinstance.py:1246} INFO - 1 downstream tasks scheduled from follow-on schedule check
[2021-05-26 11:15:49,777] {local_task_job.py:146} INFO - Task exited with return code 0
