[2021-05-26 11:34:31,639] {taskinstance.py:877} INFO - Dependencies all met for <TaskInstance: Jordan_COVID19_dag.Scale_Jordan_Data 2021-05-26T11:31:35.008689+00:00 [queued]>
[2021-05-26 11:34:31,657] {taskinstance.py:877} INFO - Dependencies all met for <TaskInstance: Jordan_COVID19_dag.Scale_Jordan_Data 2021-05-26T11:31:35.008689+00:00 [queued]>
[2021-05-26 11:34:31,658] {taskinstance.py:1068} INFO - 
--------------------------------------------------------------------------------
[2021-05-26 11:34:31,659] {taskinstance.py:1069} INFO - Starting attempt 1 of 2
[2021-05-26 11:34:31,659] {taskinstance.py:1070} INFO - 
--------------------------------------------------------------------------------
[2021-05-26 11:34:31,670] {taskinstance.py:1089} INFO - Executing <Task(PythonOperator): Scale_Jordan_Data> on 2021-05-26T11:31:35.008689+00:00
[2021-05-26 11:34:31,674] {standard_task_runner.py:52} INFO - Started process 116 to run task
[2021-05-26 11:34:31,678] {standard_task_runner.py:76} INFO - Running: ['airflow', 'tasks', 'run', 'Jordan_COVID19_dag', 'Scale_Jordan_Data', '2021-05-26T11:31:35.008689+00:00', '--job-id', '23', '--pool', 'default_pool', '--raw', '--subdir', 'DAGS_FOLDER/covid_dag.py', '--cfg-path', '/tmp/tmp9ropxavw', '--error-file', '/tmp/tmpz7bgnc0w']
[2021-05-26 11:34:31,679] {standard_task_runner.py:77} INFO - Job 23: Subtask Scale_Jordan_Data
[2021-05-26 11:34:31,725] {logging_mixin.py:104} INFO - Running <TaskInstance: Jordan_COVID19_dag.Scale_Jordan_Data 2021-05-26T11:31:35.008689+00:00 [running]> on host 8c48473332f2
[2021-05-26 11:34:31,767] {taskinstance.py:1283} INFO - Exporting the following env vars:
AIRFLOW_CTX_DAG_OWNER=admin
AIRFLOW_CTX_DAG_ID=Jordan_COVID19_dag
AIRFLOW_CTX_TASK_ID=Scale_Jordan_Data
AIRFLOW_CTX_EXECUTION_DATE=2021-05-26T11:31:35.008689+00:00
AIRFLOW_CTX_DAG_RUN_ID=manual__2021-05-26T11:31:35.008689+00:00
[2021-05-26 11:34:32,576] {python.py:118} INFO - Done. Returned value was: None
[2021-05-26 11:34:32,591] {taskinstance.py:1192} INFO - Marking task as SUCCESS. dag_id=Jordan_COVID19_dag, task_id=Scale_Jordan_Data, execution_date=20210526T113135, start_date=20210526T113431, end_date=20210526T113432
[2021-05-26 11:34:32,625] {taskinstance.py:1246} INFO - 1 downstream tasks scheduled from follow-on schedule check
[2021-05-26 11:34:32,657] {local_task_job.py:146} INFO - Task exited with return code 0
