[2021-05-26 11:23:41,050] {taskinstance.py:877} INFO - Dependencies all met for <TaskInstance: Jordan_COVID19_dag.Scale_Jordan_Data 2021-05-26T11:20:52.549586+00:00 [queued]>
[2021-05-26 11:23:41,088] {taskinstance.py:877} INFO - Dependencies all met for <TaskInstance: Jordan_COVID19_dag.Scale_Jordan_Data 2021-05-26T11:20:52.549586+00:00 [queued]>
[2021-05-26 11:23:41,089] {taskinstance.py:1068} INFO - 
--------------------------------------------------------------------------------
[2021-05-26 11:23:41,089] {taskinstance.py:1069} INFO - Starting attempt 1 of 2
[2021-05-26 11:23:41,090] {taskinstance.py:1070} INFO - 
--------------------------------------------------------------------------------
[2021-05-26 11:23:41,104] {taskinstance.py:1089} INFO - Executing <Task(PythonOperator): Scale_Jordan_Data> on 2021-05-26T11:20:52.549586+00:00
[2021-05-26 11:23:41,110] {standard_task_runner.py:52} INFO - Started process 91 to run task
[2021-05-26 11:23:41,118] {standard_task_runner.py:76} INFO - Running: ['airflow', 'tasks', 'run', 'Jordan_COVID19_dag', 'Scale_Jordan_Data', '2021-05-26T11:20:52.549586+00:00', '--job-id', '18', '--pool', 'default_pool', '--raw', '--subdir', 'DAGS_FOLDER/covid_dag.py', '--cfg-path', '/tmp/tmpq5szw4gk', '--error-file', '/tmp/tmpzc23r4lu']
[2021-05-26 11:23:41,120] {standard_task_runner.py:77} INFO - Job 18: Subtask Scale_Jordan_Data
[2021-05-26 11:23:41,193] {logging_mixin.py:104} INFO - Running <TaskInstance: Jordan_COVID19_dag.Scale_Jordan_Data 2021-05-26T11:20:52.549586+00:00 [running]> on host 8c48473332f2
[2021-05-26 11:23:41,248] {taskinstance.py:1283} INFO - Exporting the following env vars:
AIRFLOW_CTX_DAG_OWNER=admin
AIRFLOW_CTX_DAG_ID=Jordan_COVID19_dag
AIRFLOW_CTX_TASK_ID=Scale_Jordan_Data
AIRFLOW_CTX_EXECUTION_DATE=2021-05-26T11:20:52.549586+00:00
AIRFLOW_CTX_DAG_RUN_ID=manual__2021-05-26T11:20:52.549586+00:00
[2021-05-26 11:23:42,314] {python.py:118} INFO - Done. Returned value was: None
[2021-05-26 11:23:42,327] {taskinstance.py:1192} INFO - Marking task as SUCCESS. dag_id=Jordan_COVID19_dag, task_id=Scale_Jordan_Data, execution_date=20210526T112052, start_date=20210526T112341, end_date=20210526T112342
[2021-05-26 11:23:42,379] {taskinstance.py:1246} INFO - 1 downstream tasks scheduled from follow-on schedule check
[2021-05-26 11:23:42,429] {local_task_job.py:146} INFO - Task exited with return code 0
