[2021-05-26 11:11:47,941] {taskinstance.py:877} INFO - Dependencies all met for <TaskInstance: Jordan_COVID19_dag.Install_dependecies 2021-05-25T11:11:44.813505+00:00 [queued]>
[2021-05-26 11:11:47,971] {taskinstance.py:877} INFO - Dependencies all met for <TaskInstance: Jordan_COVID19_dag.Install_dependecies 2021-05-25T11:11:44.813505+00:00 [queued]>
[2021-05-26 11:11:47,972] {taskinstance.py:1068} INFO - 
--------------------------------------------------------------------------------
[2021-05-26 11:11:47,973] {taskinstance.py:1069} INFO - Starting attempt 1 of 2
[2021-05-26 11:11:47,973] {taskinstance.py:1070} INFO - 
--------------------------------------------------------------------------------
[2021-05-26 11:11:47,991] {taskinstance.py:1089} INFO - Executing <Task(BashOperator): Install_dependecies> on 2021-05-25T11:11:44.813505+00:00
[2021-05-26 11:11:48,003] {standard_task_runner.py:76} INFO - Running: ['airflow', 'tasks', 'run', 'Jordan_COVID19_dag', 'Install_dependecies', '2021-05-25T11:11:44.813505+00:00', '--job-id', '11', '--pool', 'default_pool', '--raw', '--subdir', 'DAGS_FOLDER/covid_dag.py', '--cfg-path', '/tmp/tmp0mmcgnsz', '--error-file', '/tmp/tmp_v9lz97l']
[2021-05-26 11:11:47,997] {standard_task_runner.py:52} INFO - Started process 50 to run task
[2021-05-26 11:11:48,005] {standard_task_runner.py:77} INFO - Job 11: Subtask Install_dependecies
[2021-05-26 11:11:48,087] {logging_mixin.py:104} INFO - Running <TaskInstance: Jordan_COVID19_dag.Install_dependecies 2021-05-25T11:11:44.813505+00:00 [running]> on host 8c48473332f2
[2021-05-26 11:11:48,179] {taskinstance.py:1283} INFO - Exporting the following env vars:
AIRFLOW_CTX_DAG_OWNER=admin
AIRFLOW_CTX_DAG_ID=Jordan_COVID19_dag
AIRFLOW_CTX_TASK_ID=Install_dependecies
AIRFLOW_CTX_EXECUTION_DATE=2021-05-25T11:11:44.813505+00:00
AIRFLOW_CTX_DAG_RUN_ID=scheduled__2021-05-25T11:11:44.813505+00:00
[2021-05-26 11:11:48,181] {bash.py:135} INFO - Tmp dir root location: 
 /tmp
[2021-05-26 11:11:48,182] {bash.py:158} INFO - Running command: pip install sklearn matplotlib
[2021-05-26 11:11:48,194] {bash.py:169} INFO - Output:
[2021-05-26 11:11:49,660] {bash.py:173} INFO - WARNING: The directory '/home/airflow/.cache/pip' or its parent directory is not owned or is not writable by the current user. The cache has been disabled. Check the permissions and owner of that directory. If executing pip with sudo, you may want sudo's -H flag.
[2021-05-26 11:11:50,558] {bash.py:173} INFO - Collecting sklearn
[2021-05-26 11:11:51,125] {bash.py:173} INFO -   Downloading sklearn-0.0.tar.gz (1.1 kB)
[2021-05-26 11:11:53,056] {bash.py:173} INFO - Collecting matplotlib
[2021-05-26 11:11:53,155] {bash.py:173} INFO -   Downloading matplotlib-3.3.4-cp36-cp36m-manylinux1_x86_64.whl (11.5 MB)
[2021-05-26 11:12:07,355] {bash.py:173} INFO - Collecting scikit-learn
[2021-05-26 11:12:07,452] {bash.py:173} INFO -   Downloading scikit_learn-0.24.2-cp36-cp36m-manylinux2010_x86_64.whl (22.2 MB)
[2021-05-26 11:12:21,226] {bash.py:173} INFO - Collecting pillow>=6.2.0
[2021-05-26 11:12:21,323] {bash.py:173} INFO -   Downloading Pillow-8.2.0-cp36-cp36m-manylinux1_x86_64.whl (3.0 MB)
[2021-05-26 11:12:22,884] {bash.py:173} INFO - Requirement already satisfied: pyparsing!=2.0.4,!=2.1.2,!=2.1.6,>=2.0.3 in /home/airflow/.local/lib/python3.6/site-packages (from matplotlib) (2.4.7)
[2021-05-26 11:12:23,042] {bash.py:173} INFO - Collecting cycler>=0.10
[2021-05-26 11:12:23,134] {bash.py:173} INFO -   Downloading cycler-0.10.0-py2.py3-none-any.whl (6.5 kB)
[2021-05-26 11:12:23,453] {bash.py:173} INFO - Collecting kiwisolver>=1.0.1
[2021-05-26 11:12:23,555] {bash.py:173} INFO -   Downloading kiwisolver-1.3.1-cp36-cp36m-manylinux1_x86_64.whl (1.1 MB)
[2021-05-26 11:12:24,241] {bash.py:173} INFO - Requirement already satisfied: python-dateutil>=2.1 in /home/airflow/.local/lib/python3.6/site-packages (from matplotlib) (2.8.1)
[2021-05-26 11:12:24,251] {bash.py:173} INFO - Requirement already satisfied: numpy>=1.15 in /home/airflow/.local/lib/python3.6/site-packages (from matplotlib) (1.19.5)
[2021-05-26 11:12:24,543] {bash.py:173} INFO - Collecting joblib>=0.11
[2021-05-26 11:12:24,634] {bash.py:173} INFO -   Downloading joblib-1.0.1-py3-none-any.whl (303 kB)
[2021-05-26 11:12:25,081] {bash.py:173} INFO - Collecting threadpoolctl>=2.0.0
[2021-05-26 11:12:25,171] {bash.py:173} INFO -   Downloading threadpoolctl-2.1.0-py3-none-any.whl (12 kB)
[2021-05-26 11:12:25,830] {bash.py:173} INFO - Collecting scipy>=0.19.1
[2021-05-26 11:12:25,920] {bash.py:173} INFO -   Downloading scipy-1.5.4-cp36-cp36m-manylinux1_x86_64.whl (25.9 MB)
[2021-05-26 11:12:38,012] {bash.py:173} INFO - Requirement already satisfied: six in /home/airflow/.local/lib/python3.6/site-packages (from cycler>=0.10->matplotlib) (1.15.0)
[2021-05-26 11:12:38,016] {bash.py:173} INFO - Building wheels for collected packages: sklearn
[2021-05-26 11:12:38,017] {bash.py:173} INFO -   Building wheel for sklearn (setup.py): started
[2021-05-26 11:12:39,158] {bash.py:173} INFO -   Building wheel for sklearn (setup.py): finished with status 'done'
[2021-05-26 11:12:39,159] {bash.py:173} INFO -   Created wheel for sklearn: filename=sklearn-0.0-py2.py3-none-any.whl size=1316 sha256=b2cbca04bf13e5651f8b6a04b960eea8b7e4d4246d3404428358d1586ce9d510
[2021-05-26 11:12:39,160] {bash.py:173} INFO -   Stored in directory: /tmp/pip-ephem-wheel-cache-6c88d2ml/wheels/23/9d/42/5ec745cbbb17517000a53cecc49d6a865450d1f5cb16dc8a9c
[2021-05-26 11:12:39,160] {bash.py:173} INFO - Successfully built sklearn
[2021-05-26 11:12:46,467] {bash.py:173} INFO - Installing collected packages: joblib, threadpoolctl, scipy, scikit-learn, sklearn, pillow, cycler, kiwisolver, matplotlib
[2021-05-26 11:12:55,884] {bash.py:173} INFO - Successfully installed cycler-0.10.0 joblib-1.0.1 kiwisolver-1.3.1 matplotlib-3.3.4 pillow-8.2.0 scikit-learn-0.24.2 scipy-1.5.4 sklearn-0.0 threadpoolctl-2.1.0
[2021-05-26 11:12:56,414] {bash.py:173} INFO - WARNING: You are using pip version 20.2.4; however, version 21.1.2 is available.
[2021-05-26 11:12:56,415] {bash.py:173} INFO - You should consider upgrading via the '/usr/local/bin/python -m pip install --upgrade pip' command.
[2021-05-26 11:12:56,587] {bash.py:177} INFO - Command exited with return code 0
[2021-05-26 11:12:56,671] {taskinstance.py:1192} INFO - Marking task as SUCCESS. dag_id=Jordan_COVID19_dag, task_id=Install_dependecies, execution_date=20210525T111144, start_date=20210526T111147, end_date=20210526T111256
[2021-05-26 11:12:56,714] {taskinstance.py:1246} INFO - 1 downstream tasks scheduled from follow-on schedule check
[2021-05-26 11:12:56,762] {local_task_job.py:146} INFO - Task exited with return code 0
