[2021-05-26 11:23:43,695] {taskinstance.py:877} INFO - Dependencies all met for <TaskInstance: Jordan_COVID19_dag.Plot_Jordan_Data 2021-05-26T11:20:52.549586+00:00 [queued]>
[2021-05-26 11:23:43,725] {taskinstance.py:877} INFO - Dependencies all met for <TaskInstance: Jordan_COVID19_dag.Plot_Jordan_Data 2021-05-26T11:20:52.549586+00:00 [queued]>
[2021-05-26 11:23:43,726] {taskinstance.py:1068} INFO - 
--------------------------------------------------------------------------------
[2021-05-26 11:23:43,726] {taskinstance.py:1069} INFO - Starting attempt 1 of 2
[2021-05-26 11:23:43,727] {taskinstance.py:1070} INFO - 
--------------------------------------------------------------------------------
[2021-05-26 11:23:43,738] {taskinstance.py:1089} INFO - Executing <Task(PythonOperator): Plot_Jordan_Data> on 2021-05-26T11:20:52.549586+00:00
[2021-05-26 11:23:43,743] {standard_task_runner.py:52} INFO - Started process 100 to run task
[2021-05-26 11:23:43,747] {standard_task_runner.py:76} INFO - Running: ['airflow', 'tasks', 'run', 'Jordan_COVID19_dag', 'Plot_Jordan_Data', '2021-05-26T11:20:52.549586+00:00', '--job-id', '19', '--pool', 'default_pool', '--raw', '--subdir', 'DAGS_FOLDER/covid_dag.py', '--cfg-path', '/tmp/tmpgeot6xry', '--error-file', '/tmp/tmpzzaaf_03']
[2021-05-26 11:23:43,747] {standard_task_runner.py:77} INFO - Job 19: Subtask Plot_Jordan_Data
[2021-05-26 11:23:43,818] {logging_mixin.py:104} INFO - Running <TaskInstance: Jordan_COVID19_dag.Plot_Jordan_Data 2021-05-26T11:20:52.549586+00:00 [running]> on host 8c48473332f2
[2021-05-26 11:23:43,871] {taskinstance.py:1283} INFO - Exporting the following env vars:
AIRFLOW_CTX_DAG_OWNER=admin
AIRFLOW_CTX_DAG_ID=Jordan_COVID19_dag
AIRFLOW_CTX_TASK_ID=Plot_Jordan_Data
AIRFLOW_CTX_EXECUTION_DATE=2021-05-26T11:20:52.549586+00:00
AIRFLOW_CTX_DAG_RUN_ID=manual__2021-05-26T11:20:52.549586+00:00
[2021-05-26 11:23:44,235] {__init__.py:482} WARNING - Matplotlib created a temporary config/cache directory at /tmp/matplotlib-5i6pp3f0 because the default path (/home/airflow/.config/matplotlib) is not a writable directory; it is highly recommended to set the MPLCONFIGDIR environment variable to a writable directory, in particular to speed up the import of Matplotlib and to better support multiprocessing.
[2021-05-26 11:23:44,396] {font_manager.py:1423} INFO - Generating new fontManager, this may take some time...
[2021-05-26 11:23:45,800] {python.py:118} INFO - Done. Returned value was: None
[2021-05-26 11:23:45,817] {taskinstance.py:1192} INFO - Marking task as SUCCESS. dag_id=Jordan_COVID19_dag, task_id=Plot_Jordan_Data, execution_date=20210526T112052, start_date=20210526T112343, end_date=20210526T112345
[2021-05-26 11:23:45,848] {taskinstance.py:1246} INFO - 1 downstream tasks scheduled from follow-on schedule check
[2021-05-26 11:23:45,897] {local_task_job.py:146} INFO - Task exited with return code 0
