[2021-05-26 11:12:57,501] {taskinstance.py:877} INFO - Dependencies all met for <TaskInstance: Jordan_COVID19_dag.Extract_Jordan_Data 2021-05-25T11:11:44.813505+00:00 [queued]>
[2021-05-26 11:12:57,529] {taskinstance.py:877} INFO - Dependencies all met for <TaskInstance: Jordan_COVID19_dag.Extract_Jordan_Data 2021-05-25T11:11:44.813505+00:00 [queued]>
[2021-05-26 11:12:57,530] {taskinstance.py:1068} INFO - 
--------------------------------------------------------------------------------
[2021-05-26 11:12:57,531] {taskinstance.py:1069} INFO - Starting attempt 1 of 2
[2021-05-26 11:12:57,532] {taskinstance.py:1070} INFO - 
--------------------------------------------------------------------------------
[2021-05-26 11:12:57,546] {taskinstance.py:1089} INFO - Executing <Task(PythonOperator): Extract_Jordan_Data> on 2021-05-25T11:11:44.813505+00:00
[2021-05-26 11:12:57,551] {standard_task_runner.py:52} INFO - Started process 64 to run task
[2021-05-26 11:12:57,556] {standard_task_runner.py:76} INFO - Running: ['airflow', 'tasks', 'run', 'Jordan_COVID19_dag', 'Extract_Jordan_Data', '2021-05-25T11:11:44.813505+00:00', '--job-id', '12', '--pool', 'default_pool', '--raw', '--subdir', 'DAGS_FOLDER/covid_dag.py', '--cfg-path', '/tmp/tmplas10g20', '--error-file', '/tmp/tmp6ny4diup']
[2021-05-26 11:12:57,557] {standard_task_runner.py:77} INFO - Job 12: Subtask Extract_Jordan_Data
[2021-05-26 11:12:57,626] {logging_mixin.py:104} INFO - Running <TaskInstance: Jordan_COVID19_dag.Extract_Jordan_Data 2021-05-25T11:11:44.813505+00:00 [running]> on host 8c48473332f2
[2021-05-26 11:12:57,699] {taskinstance.py:1283} INFO - Exporting the following env vars:
AIRFLOW_CTX_DAG_OWNER=admin
AIRFLOW_CTX_DAG_ID=Jordan_COVID19_dag
AIRFLOW_CTX_TASK_ID=Extract_Jordan_Data
AIRFLOW_CTX_EXECUTION_DATE=2021-05-25T11:11:44.813505+00:00
AIRFLOW_CTX_DAG_RUN_ID=scheduled__2021-05-25T11:11:44.813505+00:00
[2021-05-26 11:15:42,010] {python.py:118} INFO - Done. Returned value was: None
[2021-05-26 11:15:42,031] {taskinstance.py:1192} INFO - Marking task as SUCCESS. dag_id=Jordan_COVID19_dag, task_id=Extract_Jordan_Data, execution_date=20210525T111144, start_date=20210526T111257, end_date=20210526T111542
[2021-05-26 11:15:42,070] {taskinstance.py:1246} INFO - 1 downstream tasks scheduled from follow-on schedule check
[2021-05-26 11:15:42,106] {local_task_job.py:146} INFO - Task exited with return code 0
