[2021-05-26 11:45:03,542] {taskinstance.py:877} INFO - Dependencies all met for <TaskInstance: Jordan_COVID19_dag.Extract_Jordan_Data 2021-05-26T11:44:02.407216+00:00 [queued]>
[2021-05-26 11:45:03,554] {taskinstance.py:877} INFO - Dependencies all met for <TaskInstance: Jordan_COVID19_dag.Extract_Jordan_Data 2021-05-26T11:44:02.407216+00:00 [queued]>
[2021-05-26 11:45:03,555] {taskinstance.py:1068} INFO - 
--------------------------------------------------------------------------------
[2021-05-26 11:45:03,556] {taskinstance.py:1069} INFO - Starting attempt 1 of 2
[2021-05-26 11:45:03,557] {taskinstance.py:1070} INFO - 
--------------------------------------------------------------------------------
[2021-05-26 11:45:03,572] {taskinstance.py:1089} INFO - Executing <Task(PythonOperator): Extract_Jordan_Data> on 2021-05-26T11:44:02.407216+00:00
[2021-05-26 11:45:03,576] {standard_task_runner.py:52} INFO - Started process 65 to run task
[2021-05-26 11:45:03,580] {standard_task_runner.py:76} INFO - Running: ['airflow', 'tasks', 'run', 'Jordan_COVID19_dag', 'Extract_Jordan_Data', '2021-05-26T11:44:02.407216+00:00', '--job-id', '28', '--pool', 'default_pool', '--raw', '--subdir', 'DAGS_FOLDER/covid_dag.py', '--cfg-path', '/tmp/tmpdcuu1vh4', '--error-file', '/tmp/tmp55yz34cp']
[2021-05-26 11:45:03,581] {standard_task_runner.py:77} INFO - Job 28: Subtask Extract_Jordan_Data
[2021-05-26 11:45:03,626] {logging_mixin.py:104} INFO - Running <TaskInstance: Jordan_COVID19_dag.Extract_Jordan_Data 2021-05-26T11:44:02.407216+00:00 [running]> on host eb9be2e0c736
[2021-05-26 11:45:03,668] {taskinstance.py:1283} INFO - Exporting the following env vars:
AIRFLOW_CTX_DAG_OWNER=admin
AIRFLOW_CTX_DAG_ID=Jordan_COVID19_dag
AIRFLOW_CTX_TASK_ID=Extract_Jordan_Data
AIRFLOW_CTX_EXECUTION_DATE=2021-05-26T11:44:02.407216+00:00
AIRFLOW_CTX_DAG_RUN_ID=manual__2021-05-26T11:44:02.407216+00:00
[2021-05-26 11:47:51,626] {python.py:118} INFO - Done. Returned value was: None
[2021-05-26 11:47:51,639] {taskinstance.py:1192} INFO - Marking task as SUCCESS. dag_id=Jordan_COVID19_dag, task_id=Extract_Jordan_Data, execution_date=20210526T114402, start_date=20210526T114503, end_date=20210526T114751
[2021-05-26 11:47:51,670] {taskinstance.py:1246} INFO - 1 downstream tasks scheduled from follow-on schedule check
[2021-05-26 11:47:51,688] {local_task_job.py:146} INFO - Task exited with return code 0
