[2021-05-26 11:47:58,568] {taskinstance.py:877} INFO - Dependencies all met for <TaskInstance: Jordan_COVID19_dag.Push_Data_to_Postgres 2021-05-26T11:44:02.407216+00:00 [queued]>
[2021-05-26 11:47:58,589] {taskinstance.py:877} INFO - Dependencies all met for <TaskInstance: Jordan_COVID19_dag.Push_Data_to_Postgres 2021-05-26T11:44:02.407216+00:00 [queued]>
[2021-05-26 11:47:58,590] {taskinstance.py:1068} INFO - 
--------------------------------------------------------------------------------
[2021-05-26 11:47:58,591] {taskinstance.py:1069} INFO - Starting attempt 1 of 2
[2021-05-26 11:47:58,591] {taskinstance.py:1070} INFO - 
--------------------------------------------------------------------------------
[2021-05-26 11:47:58,612] {taskinstance.py:1089} INFO - Executing <Task(PythonOperator): Push_Data_to_Postgres> on 2021-05-26T11:44:02.407216+00:00
[2021-05-26 11:47:58,617] {standard_task_runner.py:52} INFO - Started process 80 to run task
[2021-05-26 11:47:58,621] {standard_task_runner.py:76} INFO - Running: ['airflow', 'tasks', 'run', 'Jordan_COVID19_dag', 'Push_Data_to_Postgres', '2021-05-26T11:44:02.407216+00:00', '--job-id', '31', '--pool', 'default_pool', '--raw', '--subdir', 'DAGS_FOLDER/covid_dag.py', '--cfg-path', '/tmp/tmpo0h8nqqe', '--error-file', '/tmp/tmp1h5prhz6']
[2021-05-26 11:47:58,622] {standard_task_runner.py:77} INFO - Job 31: Subtask Push_Data_to_Postgres
[2021-05-26 11:47:58,677] {logging_mixin.py:104} INFO - Running <TaskInstance: Jordan_COVID19_dag.Push_Data_to_Postgres 2021-05-26T11:44:02.407216+00:00 [running]> on host eb9be2e0c736
[2021-05-26 11:47:58,724] {taskinstance.py:1283} INFO - Exporting the following env vars:
AIRFLOW_CTX_DAG_OWNER=admin
AIRFLOW_CTX_DAG_ID=Jordan_COVID19_dag
AIRFLOW_CTX_TASK_ID=Push_Data_to_Postgres
AIRFLOW_CTX_EXECUTION_DATE=2021-05-26T11:44:02.407216+00:00
AIRFLOW_CTX_DAG_RUN_ID=manual__2021-05-26T11:44:02.407216+00:00
[2021-05-26 11:47:59,201] {python.py:118} INFO - Done. Returned value was: None
[2021-05-26 11:47:59,214] {taskinstance.py:1192} INFO - Marking task as SUCCESS. dag_id=Jordan_COVID19_dag, task_id=Push_Data_to_Postgres, execution_date=20210526T114402, start_date=20210526T114758, end_date=20210526T114759
[2021-05-26 11:47:59,248] {taskinstance.py:1246} INFO - 0 downstream tasks scheduled from follow-on schedule check
[2021-05-26 11:47:59,279] {local_task_job.py:146} INFO - Task exited with return code 0
