[2021-05-26 11:20:53,267] {taskinstance.py:877} INFO - Dependencies all met for <TaskInstance: Jordan_COVID19_dag.Install_dependecies 2021-05-26T11:20:52.549586+00:00 [queued]>
[2021-05-26 11:20:53,295] {taskinstance.py:877} INFO - Dependencies all met for <TaskInstance: Jordan_COVID19_dag.Install_dependecies 2021-05-26T11:20:52.549586+00:00 [queued]>
[2021-05-26 11:20:53,295] {taskinstance.py:1068} INFO - 
--------------------------------------------------------------------------------
[2021-05-26 11:20:53,296] {taskinstance.py:1069} INFO - Starting attempt 1 of 2
[2021-05-26 11:20:53,296] {taskinstance.py:1070} INFO - 
--------------------------------------------------------------------------------
[2021-05-26 11:20:53,310] {taskinstance.py:1089} INFO - Executing <Task(BashOperator): Install_dependecies> on 2021-05-26T11:20:52.549586+00:00
[2021-05-26 11:20:53,314] {standard_task_runner.py:52} INFO - Started process 81 to run task
[2021-05-26 11:20:53,322] {standard_task_runner.py:76} INFO - Running: ['airflow', 'tasks', 'run', 'Jordan_COVID19_dag', 'Install_dependecies', '2021-05-26T11:20:52.549586+00:00', '--job-id', '16', '--pool', 'default_pool', '--raw', '--subdir', 'DAGS_FOLDER/covid_dag.py', '--cfg-path', '/tmp/tmpiu9rj913', '--error-file', '/tmp/tmpkkszsqc4']
[2021-05-26 11:20:53,323] {standard_task_runner.py:77} INFO - Job 16: Subtask Install_dependecies
[2021-05-26 11:20:53,393] {logging_mixin.py:104} INFO - Running <TaskInstance: Jordan_COVID19_dag.Install_dependecies 2021-05-26T11:20:52.549586+00:00 [running]> on host 8c48473332f2
[2021-05-26 11:20:53,461] {taskinstance.py:1283} INFO - Exporting the following env vars:
AIRFLOW_CTX_DAG_OWNER=admin
AIRFLOW_CTX_DAG_ID=Jordan_COVID19_dag
AIRFLOW_CTX_TASK_ID=Install_dependecies
AIRFLOW_CTX_EXECUTION_DATE=2021-05-26T11:20:52.549586+00:00
AIRFLOW_CTX_DAG_RUN_ID=manual__2021-05-26T11:20:52.549586+00:00
[2021-05-26 11:20:53,462] {bash.py:135} INFO - Tmp dir root location: 
 /tmp
[2021-05-26 11:20:53,464] {bash.py:158} INFO - Running command: pip install sklearn matplotlib
[2021-05-26 11:20:53,474] {bash.py:169} INFO - Output:
[2021-05-26 11:20:54,081] {bash.py:173} INFO - WARNING: The directory '/home/airflow/.cache/pip' or its parent directory is not owned or is not writable by the current user. The cache has been disabled. Check the permissions and owner of that directory. If executing pip with sudo, you may want sudo's -H flag.
[2021-05-26 11:20:54,279] {bash.py:173} INFO - Requirement already satisfied: sklearn in /home/airflow/.local/lib/python3.6/site-packages (0.0)
[2021-05-26 11:20:54,287] {bash.py:173} INFO - Requirement already satisfied: matplotlib in /home/airflow/.local/lib/python3.6/site-packages (3.3.4)
[2021-05-26 11:20:54,299] {bash.py:173} INFO - Requirement already satisfied: scikit-learn in /home/airflow/.local/lib/python3.6/site-packages (from sklearn) (0.24.2)
[2021-05-26 11:20:54,345] {bash.py:173} INFO - Requirement already satisfied: cycler>=0.10 in /home/airflow/.local/lib/python3.6/site-packages (from matplotlib) (0.10.0)
[2021-05-26 11:20:54,360] {bash.py:173} INFO - Requirement already satisfied: numpy>=1.15 in /home/airflow/.local/lib/python3.6/site-packages (from matplotlib) (1.19.5)
[2021-05-26 11:20:54,363] {bash.py:173} INFO - Requirement already satisfied: python-dateutil>=2.1 in /home/airflow/.local/lib/python3.6/site-packages (from matplotlib) (2.8.1)
[2021-05-26 11:20:54,369] {bash.py:173} INFO - Requirement already satisfied: kiwisolver>=1.0.1 in /home/airflow/.local/lib/python3.6/site-packages (from matplotlib) (1.3.1)
[2021-05-26 11:20:54,372] {bash.py:173} INFO - Requirement already satisfied: pillow>=6.2.0 in /home/airflow/.local/lib/python3.6/site-packages (from matplotlib) (8.2.0)
[2021-05-26 11:20:54,379] {bash.py:173} INFO - Requirement already satisfied: pyparsing!=2.0.4,!=2.1.2,!=2.1.6,>=2.0.3 in /home/airflow/.local/lib/python3.6/site-packages (from matplotlib) (2.4.7)
[2021-05-26 11:20:54,384] {bash.py:173} INFO - Requirement already satisfied: joblib>=0.11 in /home/airflow/.local/lib/python3.6/site-packages (from scikit-learn->sklearn) (1.0.1)
[2021-05-26 11:20:54,390] {bash.py:173} INFO - Requirement already satisfied: threadpoolctl>=2.0.0 in /home/airflow/.local/lib/python3.6/site-packages (from scikit-learn->sklearn) (2.1.0)
[2021-05-26 11:20:54,398] {bash.py:173} INFO - Requirement already satisfied: scipy>=0.19.1 in /home/airflow/.local/lib/python3.6/site-packages (from scikit-learn->sklearn) (1.5.4)
[2021-05-26 11:20:54,406] {bash.py:173} INFO - Requirement already satisfied: six in /home/airflow/.local/lib/python3.6/site-packages (from cycler>=0.10->matplotlib) (1.15.0)
[2021-05-26 11:21:01,185] {bash.py:173} INFO - WARNING: You are using pip version 20.2.4; however, version 21.1.2 is available.
[2021-05-26 11:21:01,186] {bash.py:173} INFO - You should consider upgrading via the '/usr/local/bin/python -m pip install --upgrade pip' command.
[2021-05-26 11:21:01,284] {bash.py:177} INFO - Command exited with return code 0
[2021-05-26 11:21:01,321] {taskinstance.py:1192} INFO - Marking task as SUCCESS. dag_id=Jordan_COVID19_dag, task_id=Install_dependecies, execution_date=20210526T112052, start_date=20210526T112053, end_date=20210526T112101
[2021-05-26 11:21:01,359] {taskinstance.py:1246} INFO - 1 downstream tasks scheduled from follow-on schedule check
[2021-05-26 11:21:01,405] {local_task_job.py:146} INFO - Task exited with return code 0
