[2021-05-26 11:15:51,182] {taskinstance.py:877} INFO - Dependencies all met for <TaskInstance: Jordan_COVID19_dag.Push_Data_to_Postgres 2021-05-25T11:11:44.813505+00:00 [queued]>
[2021-05-26 11:15:51,207] {taskinstance.py:877} INFO - Dependencies all met for <TaskInstance: Jordan_COVID19_dag.Push_Data_to_Postgres 2021-05-25T11:11:44.813505+00:00 [queued]>
[2021-05-26 11:15:51,208] {taskinstance.py:1068} INFO - 
--------------------------------------------------------------------------------
[2021-05-26 11:15:51,209] {taskinstance.py:1069} INFO - Starting attempt 1 of 2
[2021-05-26 11:15:51,210] {taskinstance.py:1070} INFO - 
--------------------------------------------------------------------------------
[2021-05-26 11:15:51,222] {taskinstance.py:1089} INFO - Executing <Task(PythonOperator): Push_Data_to_Postgres> on 2021-05-25T11:11:44.813505+00:00
[2021-05-26 11:15:51,227] {standard_task_runner.py:52} INFO - Started process 79 to run task
[2021-05-26 11:15:51,232] {standard_task_runner.py:76} INFO - Running: ['airflow', 'tasks', 'run', 'Jordan_COVID19_dag', 'Push_Data_to_Postgres', '2021-05-25T11:11:44.813505+00:00', '--job-id', '15', '--pool', 'default_pool', '--raw', '--subdir', 'DAGS_FOLDER/covid_dag.py', '--cfg-path', '/tmp/tmp6rw_4cng', '--error-file', '/tmp/tmp3tahmdk7']
[2021-05-26 11:15:51,233] {standard_task_runner.py:77} INFO - Job 15: Subtask Push_Data_to_Postgres
[2021-05-26 11:15:51,295] {logging_mixin.py:104} INFO - Running <TaskInstance: Jordan_COVID19_dag.Push_Data_to_Postgres 2021-05-25T11:11:44.813505+00:00 [running]> on host 8c48473332f2
[2021-05-26 11:15:51,352] {taskinstance.py:1283} INFO - Exporting the following env vars:
AIRFLOW_CTX_DAG_OWNER=admin
AIRFLOW_CTX_DAG_ID=Jordan_COVID19_dag
AIRFLOW_CTX_TASK_ID=Push_Data_to_Postgres
AIRFLOW_CTX_EXECUTION_DATE=2021-05-25T11:11:44.813505+00:00
AIRFLOW_CTX_DAG_RUN_ID=scheduled__2021-05-25T11:11:44.813505+00:00
[2021-05-26 11:15:51,836] {python.py:118} INFO - Done. Returned value was: None
[2021-05-26 11:15:51,855] {taskinstance.py:1192} INFO - Marking task as SUCCESS. dag_id=Jordan_COVID19_dag, task_id=Push_Data_to_Postgres, execution_date=20210525T111144, start_date=20210526T111551, end_date=20210526T111551
[2021-05-26 11:15:51,908] {taskinstance.py:1246} INFO - 0 downstream tasks scheduled from follow-on schedule check
[2021-05-26 11:15:51,932] {local_task_job.py:146} INFO - Task exited with return code 0
