[2021-05-26 11:15:43,549] {taskinstance.py:877} INFO - Dependencies all met for <TaskInstance: Jordan_COVID19_dag.Scale_Jordan_Data 2021-05-25T11:11:44.813505+00:00 [queued]>
[2021-05-26 11:15:43,575] {taskinstance.py:877} INFO - Dependencies all met for <TaskInstance: Jordan_COVID19_dag.Scale_Jordan_Data 2021-05-25T11:11:44.813505+00:00 [queued]>
[2021-05-26 11:15:43,576] {taskinstance.py:1068} INFO - 
--------------------------------------------------------------------------------
[2021-05-26 11:15:43,577] {taskinstance.py:1069} INFO - Starting attempt 1 of 2
[2021-05-26 11:15:43,577] {taskinstance.py:1070} INFO - 
--------------------------------------------------------------------------------
[2021-05-26 11:15:43,597] {taskinstance.py:1089} INFO - Executing <Task(PythonOperator): Scale_Jordan_Data> on 2021-05-25T11:11:44.813505+00:00
[2021-05-26 11:15:43,602] {standard_task_runner.py:52} INFO - Started process 66 to run task
[2021-05-26 11:15:43,608] {standard_task_runner.py:76} INFO - Running: ['airflow', 'tasks', 'run', 'Jordan_COVID19_dag', 'Scale_Jordan_Data', '2021-05-25T11:11:44.813505+00:00', '--job-id', '13', '--pool', 'default_pool', '--raw', '--subdir', 'DAGS_FOLDER/covid_dag.py', '--cfg-path', '/tmp/tmpfa9eix5x', '--error-file', '/tmp/tmpf3j38y9h']
[2021-05-26 11:15:43,609] {standard_task_runner.py:77} INFO - Job 13: Subtask Scale_Jordan_Data
[2021-05-26 11:15:43,690] {logging_mixin.py:104} INFO - Running <TaskInstance: Jordan_COVID19_dag.Scale_Jordan_Data 2021-05-25T11:11:44.813505+00:00 [running]> on host 8c48473332f2
[2021-05-26 11:15:43,818] {taskinstance.py:1283} INFO - Exporting the following env vars:
AIRFLOW_CTX_DAG_OWNER=admin
AIRFLOW_CTX_DAG_ID=Jordan_COVID19_dag
AIRFLOW_CTX_TASK_ID=Scale_Jordan_Data
AIRFLOW_CTX_EXECUTION_DATE=2021-05-25T11:11:44.813505+00:00
AIRFLOW_CTX_DAG_RUN_ID=scheduled__2021-05-25T11:11:44.813505+00:00
[2021-05-26 11:15:45,650] {python.py:118} INFO - Done. Returned value was: None
[2021-05-26 11:15:45,667] {taskinstance.py:1192} INFO - Marking task as SUCCESS. dag_id=Jordan_COVID19_dag, task_id=Scale_Jordan_Data, execution_date=20210525T111144, start_date=20210526T111543, end_date=20210526T111545
[2021-05-26 11:15:45,708] {taskinstance.py:1246} INFO - 1 downstream tasks scheduled from follow-on schedule check
[2021-05-26 11:15:45,748] {local_task_job.py:146} INFO - Task exited with return code 0
