[2021-05-26 11:34:36,803] {taskinstance.py:877} INFO - Dependencies all met for <TaskInstance: Jordan_COVID19_dag.Push_Data_to_Postgres 2021-05-26T11:31:35.008689+00:00 [queued]>
[2021-05-26 11:34:36,821] {taskinstance.py:877} INFO - Dependencies all met for <TaskInstance: Jordan_COVID19_dag.Push_Data_to_Postgres 2021-05-26T11:31:35.008689+00:00 [queued]>
[2021-05-26 11:34:36,822] {taskinstance.py:1068} INFO - 
--------------------------------------------------------------------------------
[2021-05-26 11:34:36,822] {taskinstance.py:1069} INFO - Starting attempt 1 of 2
[2021-05-26 11:34:36,823] {taskinstance.py:1070} INFO - 
--------------------------------------------------------------------------------
[2021-05-26 11:34:36,832] {taskinstance.py:1089} INFO - Executing <Task(PythonOperator): Push_Data_to_Postgres> on 2021-05-26T11:31:35.008689+00:00
[2021-05-26 11:34:36,840] {standard_task_runner.py:76} INFO - Running: ['airflow', 'tasks', 'run', 'Jordan_COVID19_dag', 'Push_Data_to_Postgres', '2021-05-26T11:31:35.008689+00:00', '--job-id', '25', '--pool', 'default_pool', '--raw', '--subdir', 'DAGS_FOLDER/covid_dag.py', '--cfg-path', '/tmp/tmpkaqfs0n5', '--error-file', '/tmp/tmpq881hr3z']
[2021-05-26 11:34:36,836] {standard_task_runner.py:52} INFO - Started process 129 to run task
[2021-05-26 11:34:36,841] {standard_task_runner.py:77} INFO - Job 25: Subtask Push_Data_to_Postgres
[2021-05-26 11:34:36,884] {logging_mixin.py:104} INFO - Running <TaskInstance: Jordan_COVID19_dag.Push_Data_to_Postgres 2021-05-26T11:31:35.008689+00:00 [running]> on host 8c48473332f2
[2021-05-26 11:34:36,918] {taskinstance.py:1283} INFO - Exporting the following env vars:
AIRFLOW_CTX_DAG_OWNER=admin
AIRFLOW_CTX_DAG_ID=Jordan_COVID19_dag
AIRFLOW_CTX_TASK_ID=Push_Data_to_Postgres
AIRFLOW_CTX_EXECUTION_DATE=2021-05-26T11:31:35.008689+00:00
AIRFLOW_CTX_DAG_RUN_ID=manual__2021-05-26T11:31:35.008689+00:00
[2021-05-26 11:34:37,399] {python.py:118} INFO - Done. Returned value was: None
[2021-05-26 11:34:37,409] {taskinstance.py:1192} INFO - Marking task as SUCCESS. dag_id=Jordan_COVID19_dag, task_id=Push_Data_to_Postgres, execution_date=20210526T113135, start_date=20210526T113436, end_date=20210526T113437
[2021-05-26 11:34:37,440] {taskinstance.py:1246} INFO - 0 downstream tasks scheduled from follow-on schedule check
[2021-05-26 11:34:37,460] {local_task_job.py:146} INFO - Task exited with return code 0
